This file contains any messages produced by compilers while
running configure, to aid debugging if configure makes a mistake.

It was created by dash configure 0.5.12, which was
generated by GNU Autoconf 2.71.  Invocation command line was

  $ ./configure --host=x86_64-pc-none --build=x86_64-linux-gnu --target=x86_64-linux-gnu --prefix=/asis

## --------- ##
## Platform. ##
## --------- ##

hostname = mainpc
uname -m = x86_64
uname -r = 6.1.0-37-amd64
uname -s = Linux
uname -v = #1 SMP PREEMPT_DYNAMIC Debian 6.1.140-1 (2025-05-22)

/usr/bin/uname -p = unknown
/bin/uname -X     = unknown

/bin/arch              = x86_64
/usr/bin/arch -k       = unknown
/usr/convex/getsysinfo = unknown
/usr/bin/hostinfo      = unknown
/bin/machine           = unknown
/usr/bin/oslevel       = unknown
/bin/universe          = unknown

PATH: /usr/local/bin/
PATH: /usr/bin/
PATH: /bin/
PATH: /usr/local/games/
PATH: /usr/games/


## ----------- ##
## Core tests. ##
## ----------- ##

configure:2586: looking for aux files: compile missing install-sh
configure:2599:  trying ./
configure:2628:   ./compile found
configure:2628:   ./missing found
configure:2610:   ./install-sh found
configure:2757: checking for a BSD-compatible install
configure:2830: result: /usr/bin/install -c
configure:2841: checking whether build environment is sane
configure:2896: result: yes
configure:2952: checking for x86_64-pc-none-strip
configure:2987: result: no
configure:2997: checking for strip
configure:3018: found /usr/bin/strip
configure:3029: result: strip
configure:3041: WARNING: using cross tools not prefixed with host triplet
configure:3055: checking for a race-free mkdir -p
configure:3099: result: /usr/bin/mkdir -p
configure:3106: checking for gawk
configure:3141: result: no
configure:3106: checking for mawk
configure:3127: found /usr/bin/mawk
configure:3138: result: mawk
configure:3149: checking whether make sets $(MAKE)
configure:3172: result: yes
configure:3202: checking whether make supports nested variables
configure:3220: result: yes
configure:3373: checking whether make supports nested variables
configure:3391: result: yes
configure:3420: checking for x86_64-pc-none-gcc
configure:3452: result: cc
configure:3850: checking for C compiler version
configure:3859: cc --version >&5
cc (Debian 12.2.0-14+deb12u1) 12.2.0
Copyright (C) 2022 Free Software Foundation, Inc.
This is free software; see the source for copying conditions.  There is NO
warranty; not even for MERCHANTABILITY or FITNESS FOR A PARTICULAR PURPOSE.

configure:3870: $? = 0
configure:3859: cc -v >&5
Using built-in specs.
COLLECT_GCC=cc
COLLECT_LTO_WRAPPER=/usr/lib/gcc/x86_64-linux-gnu/12/lto-wrapper
OFFLOAD_TARGET_NAMES=nvptx-none:amdgcn-amdhsa
OFFLOAD_TARGET_DEFAULT=1
Target: x86_64-linux-gnu
Configured with: ../src/configure -v --with-pkgversion='Debian 12.2.0-14+deb12u1' --with-bugurl=file:///usr/share/doc/gcc-12/README.Bugs --enable-languages=c,ada,c++,go,d,fortran,objc,obj-c++,m2 --prefix=/usr --with-gcc-major-version-only --program-suffix=-12 --program-prefix=x86_64-linux-gnu- --enable-shared --enable-linker-build-id --libexecdir=/usr/lib --without-included-gettext --enable-threads=posix --libdir=/usr/lib --enable-nls --enable-clocale=gnu --enable-libstdcxx-debug --enable-libstdcxx-time=yes --with-default-libstdcxx-abi=new --enable-gnu-unique-object --disable-vtable-verify --enable-plugin --enable-default-pie --with-system-zlib --enable-libphobos-checking=release --with-target-system-zlib=auto --enable-objc-gc=auto --enable-multiarch --disable-werror --enable-cet --with-arch-32=i686 --with-abi=m64 --with-multilib-list=m32,m64,mx32 --enable-multilib --with-tune=generic --enable-offload-targets=nvptx-none=/build/reproducible-path/gcc-12-12.2.0/debian/tmp-nvptx/usr,amdgcn-amdhsa=/build/reproducible-path/gcc-12-12.2.0/debian/tmp-gcn/usr --enable-offload-defaulted --without-cuda-driver --enable-checking=release --build=x86_64-linux-gnu --host=x86_64-linux-gnu --target=x86_64-linux-gnu
Thread model: posix
Supported LTO compression algorithms: zlib zstd
gcc version 12.2.0 (Debian 12.2.0-14+deb12u1) 
... rest of stderr output deleted ...
configure:3870: $? = 0
configure:3859: cc -V >&5
cc: error: unrecognized command-line option '-V'
cc: fatal error: no input files
compilation terminated.
configure:3870: $? = 1
configure:3859: cc -qversion >&5
cc: error: unrecognized command-line option '-qversion'; did you mean '--version'?
cc: fatal error: no input files
compilation terminated.
configure:3870: $? = 1
configure:3859: cc -version >&5
cc: error: unrecognized command-line option '-version'
cc: fatal error: no input files
compilation terminated.
configure:3870: $? = 1
configure:3890: checking whether the C compiler works
configure:3912: cc -fPIC -g -fomit-frame-pointer -ftls-model=global-dynamic --sysroot=/asis -D_Nullable=   -nostdlib /asis/lib/crt.o -lac -shared --sysroot=/asis -lpwd conftest.c  >&5
configure:3916: $? = 0
configure:3966: result: yes
configure:3969: checking for C compiler default output file name
configure:3971: result: a.out
configure:3977: checking for suffix of executables
configure:3984: cc -o conftest -fPIC -g -fomit-frame-pointer -ftls-model=global-dynamic --sysroot=/asis -D_Nullable=   -nostdlib /asis/lib/crt.o -lac -shared --sysroot=/asis -lpwd conftest.c  >&5
configure:3988: $? = 0
configure:4011: result: 
configure:4033: checking whether we are cross compiling
configure:4071: result: yes
configure:4076: checking for suffix of object files
configure:4099: cc -c -fPIC -g -fomit-frame-pointer -ftls-model=global-dynamic --sysroot=/asis -D_Nullable=   conftest.c >&5
configure:4103: $? = 0
configure:4125: result: o
configure:4129: checking whether the compiler supports GNU C
configure:4149: cc -c -fPIC -g -fomit-frame-pointer -ftls-model=global-dynamic --sysroot=/asis -D_Nullable=   conftest.c >&5
configure:4149: $? = 0
configure:4159: result: yes
configure:4170: checking whether cc accepts -g
configure:4191: cc -c -g  conftest.c >&5
configure:4191: $? = 0
configure:4235: result: yes
configure:4255: checking for cc option to enable C11 features
configure:4270: cc  -c -fPIC -g -fomit-frame-pointer -ftls-model=global-dynamic --sysroot=/asis -D_Nullable=   conftest.c >&5
configure:4270: $? = 0
configure:4288: result: none needed
configure:4404: checking whether cc understands -c and -o together
configure:4427: cc -c conftest.c -o conftest2.o
configure:4430: $? = 0
configure:4427: cc -c conftest.c -o conftest2.o
configure:4430: $? = 0
configure:4442: result: yes
configure:4462: checking whether make supports the include directive
configure:4477: make -f confmf.GNU && cat confinc.out
make[1]: Entering directory '/home/PavelAtr/asis/userspace/dash-0.5.12'
make[1]: Leaving directory '/home/PavelAtr/asis/userspace/dash-0.5.12'
this is the am__doit target
configure:4480: $? = 0
configure:4499: result: yes (GNU style)
configure:4525: checking dependency style of cc
configure:4637: result: gcc3
configure:4657: checking for stdio.h
configure:4657: cc -c -fPIC -g -fomit-frame-pointer -ftls-model=global-dynamic --sysroot=/asis -D_Nullable=   conftest.c >&5
configure:4657: $? = 0
configure:4657: result: yes
configure:4657: checking for stdlib.h
configure:4657: cc -c -fPIC -g -fomit-frame-pointer -ftls-model=global-dynamic --sysroot=/asis -D_Nullable=   conftest.c >&5
configure:4657: $? = 0
configure:4657: result: yes
configure:4657: checking for string.h
configure:4657: cc -c -fPIC -g -fomit-frame-pointer -ftls-model=global-dynamic --sysroot=/asis -D_Nullable=   conftest.c >&5
configure:4657: $? = 0
configure:4657: result: yes
configure:4657: checking for inttypes.h
configure:4657: cc -c -fPIC -g -fomit-frame-pointer -ftls-model=global-dynamic --sysroot=/asis -D_Nullable=   conftest.c >&5
configure:4657: $? = 0
configure:4657: result: yes
configure:4657: checking for stdint.h
configure:4657: cc -c -fPIC -g -fomit-frame-pointer -ftls-model=global-dynamic --sysroot=/asis -D_Nullable=   conftest.c >&5
configure:4657: $? = 0
configure:4657: result: yes
configure:4657: checking for strings.h
configure:4657: cc -c -fPIC -g -fomit-frame-pointer -ftls-model=global-dynamic --sysroot=/asis -D_Nullable=   conftest.c >&5
configure:4657: $? = 0
configure:4657: result: yes
configure:4657: checking for sys/stat.h
configure:4657: cc -c -fPIC -g -fomit-frame-pointer -ftls-model=global-dynamic --sysroot=/asis -D_Nullable=   conftest.c >&5
configure:4657: $? = 0
configure:4657: result: yes
configure:4657: checking for sys/types.h
configure:4657: cc -c -fPIC -g -fomit-frame-pointer -ftls-model=global-dynamic --sysroot=/asis -D_Nullable=   conftest.c >&5
configure:4657: $? = 0
configure:4657: result: yes
configure:4657: checking for unistd.h
configure:4657: cc -c -fPIC -g -fomit-frame-pointer -ftls-model=global-dynamic --sysroot=/asis -D_Nullable=   conftest.c >&5
configure:4657: $? = 0
configure:4657: result: yes
configure:4657: checking for wchar.h
configure:4657: cc -c -fPIC -g -fomit-frame-pointer -ftls-model=global-dynamic --sysroot=/asis -D_Nullable=   conftest.c >&5
configure:4657: $? = 0
configure:4657: result: yes
configure:4657: checking for minix/config.h
configure:4657: cc -c -fPIC -g -fomit-frame-pointer -ftls-model=global-dynamic --sysroot=/asis -D_Nullable=   conftest.c >&5
conftest.c:49:10: fatal error: minix/config.h: No such file or directory
   49 | #include <minix/config.h>
      |          ^~~~~~~~~~~~~~~~
compilation terminated.
configure:4657: $? = 1
configure: failed program was:
| /* confdefs.h */
| #define PACKAGE_NAME "dash"
| #define PACKAGE_TARNAME "dash"
| #define PACKAGE_VERSION "0.5.12"
| #define PACKAGE_STRING "dash 0.5.12"
| #define PACKAGE_BUGREPORT ""
| #define PACKAGE_URL ""
| #define PACKAGE "dash"
| #define VERSION "0.5.12"
| #define HAVE_STDIO_H 1
| #define HAVE_STDLIB_H 1
| #define HAVE_STRING_H 1
| #define HAVE_INTTYPES_H 1
| #define HAVE_STDINT_H 1
| #define HAVE_STRINGS_H 1
| #define HAVE_SYS_STAT_H 1
| #define HAVE_SYS_TYPES_H 1
| #define HAVE_UNISTD_H 1
| #define HAVE_WCHAR_H 1
| /* end confdefs.h.  */
| #include <stddef.h>
| #ifdef HAVE_STDIO_H
| # include <stdio.h>
| #endif
| #ifdef HAVE_STDLIB_H
| # include <stdlib.h>
| #endif
| #ifdef HAVE_STRING_H
| # include <string.h>
| #endif
| #ifdef HAVE_INTTYPES_H
| # include <inttypes.h>
| #endif
| #ifdef HAVE_STDINT_H
| # include <stdint.h>
| #endif
| #ifdef HAVE_STRINGS_H
| # include <strings.h>
| #endif
| #ifdef HAVE_SYS_TYPES_H
| # include <sys/types.h>
| #endif
| #ifdef HAVE_SYS_STAT_H
| # include <sys/stat.h>
| #endif
| #ifdef HAVE_UNISTD_H
| # include <unistd.h>
| #endif
| #include <minix/config.h>
configure:4657: result: no
configure:4688: checking whether it is safe to define __EXTENSIONS__
configure:4707: cc -c -fPIC -g -fomit-frame-pointer -ftls-model=global-dynamic --sysroot=/asis -D_Nullable=   conftest.c >&5
configure:4707: $? = 0
configure:4715: result: yes
configure:4718: checking whether _XOPEN_SOURCE should be defined
configure:4740: cc -c -fPIC -g -fomit-frame-pointer -ftls-model=global-dynamic --sysroot=/asis -D_Nullable=   conftest.c >&5
configure:4740: $? = 0
configure:4767: result: no
configure:4832: checking for special C compiler options needed for large files
configure:4880: result: no
configure:4886: checking for _FILE_OFFSET_BITS value needed for large files
configure:4912: cc -c -fPIC -g -fomit-frame-pointer -ftls-model=global-dynamic --sysroot=/asis -D_Nullable=   conftest.c >&5
configure:4912: $? = 0
configure:4946: result: no
configure:5029: checking for build system compiler
configure:5036: result: cc
configure:5040: checking for __attribute__((__alias__()))
configure:5055: cc -o conftest -fPIC -g -fomit-frame-pointer -ftls-model=global-dynamic --sysroot=/asis -D_Nullable=   -nostdlib /asis/lib/crt.o -lac -shared --sysroot=/asis -lpwd conftest.c  >&5
/usr/bin/ld: warning: type of symbol `t' changed from 1 to 2 in /tmp/ccFiF4V7.o
configure:5055: $? = 0
configure:5061: result: yes
configure:5093: checking for alloca.h
configure:5093: cc -c -fPIC -g -fomit-frame-pointer -ftls-model=global-dynamic --sysroot=/asis -D_Nullable=   conftest.c >&5
configure:5093: $? = 0
configure:5093: result: yes
configure:5099: checking for paths.h
configure:5099: cc -c -fPIC -g -fomit-frame-pointer -ftls-model=global-dynamic --sysroot=/asis -D_Nullable=   conftest.c >&5
configure:5099: $? = 0
configure:5099: result: yes
configure:5107: checking for cc options needed to detect all undeclared functions
configure:5129: cc -c -fPIC -g -fomit-frame-pointer -ftls-model=global-dynamic --sysroot=/asis -D_Nullable=    conftest.c >&5
conftest.c: In function 'main':
conftest.c:45:8: error: 'strchr' undeclared (first use in this function)
   45 | (void) strchr;
      |        ^~~~~~
conftest.c:1:1: note: 'strchr' is defined in header '<string.h>'; did you forget to '#include <string.h>'?
    1 | /* confdefs.h */
conftest.c:45:8: note: each undeclared identifier is reported only once for each function it appears in
   45 | (void) strchr;
      |        ^~~~~~
configure:5129: $? = 1
configure: failed program was:
| /* confdefs.h */
| #define PACKAGE_NAME "dash"
| #define PACKAGE_TARNAME "dash"
| #define PACKAGE_VERSION "0.5.12"
| #define PACKAGE_STRING "dash 0.5.12"
| #define PACKAGE_BUGREPORT ""
| #define PACKAGE_URL ""
| #define PACKAGE "dash"
| #define VERSION "0.5.12"
| #define HAVE_STDIO_H 1
| #define HAVE_STDLIB_H 1
| #define HAVE_STRING_H 1
| #define HAVE_INTTYPES_H 1
| #define HAVE_STDINT_H 1
| #define HAVE_STRINGS_H 1
| #define HAVE_SYS_STAT_H 1
| #define HAVE_SYS_TYPES_H 1
| #define HAVE_UNISTD_H 1
| #define HAVE_WCHAR_H 1
| #define STDC_HEADERS 1
| #define _ALL_SOURCE 1
| #define _DARWIN_C_SOURCE 1
| #define _GNU_SOURCE 1
| #define _HPUX_ALT_XOPEN_SOCKET_API 1
| #define _NETBSD_SOURCE 1
| #define _OPENBSD_SOURCE 1
| #define _POSIX_PTHREAD_SEMANTICS 1
| #define __STDC_WANT_IEC_60559_ATTRIBS_EXT__ 1
| #define __STDC_WANT_IEC_60559_BFP_EXT__ 1
| #define __STDC_WANT_IEC_60559_DFP_EXT__ 1
| #define __STDC_WANT_IEC_60559_FUNCS_EXT__ 1
| #define __STDC_WANT_IEC_60559_TYPES_EXT__ 1
| #define __STDC_WANT_LIB_EXT2__ 1
| #define __STDC_WANT_MATH_SPEC_FUNCS__ 1
| #define _TANDEM_SOURCE 1
| #define __EXTENSIONS__ 1
| #define HAVE_ALIAS_ATTRIBUTE 1
| #define HAVE_ALLOCA_H 1
| #define HAVE_PATHS_H 1
| /* end confdefs.h.  */
| 
| int
| main (void)
| {
| (void) strchr;
|   ;
|   return 0;
| }
configure:5156: cc -c -fPIC -g -fomit-frame-pointer -ftls-model=global-dynamic --sysroot=/asis -D_Nullable=    conftest.c >&5
configure:5156: $? = 0
configure:5173: result: none needed
configure:5187: checking whether _PATH_BSHELL is declared
configure:5187: cc -c -fPIC -g -fomit-frame-pointer -ftls-model=global-dynamic --sysroot=/asis -D_Nullable=    conftest.c >&5
conftest.c: In function 'main':
conftest.c:54:10: error: '_PATH_BSHELL' undeclared (first use in this function)
   54 |   (void) _PATH_BSHELL;
      |          ^~~~~~~~~~~~
conftest.c:54:10: note: each undeclared identifier is reported only once for each function it appears in
configure:5187: $? = 1
configure: failed program was:
| /* confdefs.h */
| #define PACKAGE_NAME "dash"
| #define PACKAGE_TARNAME "dash"
| #define PACKAGE_VERSION "0.5.12"
| #define PACKAGE_STRING "dash 0.5.12"
| #define PACKAGE_BUGREPORT ""
| #define PACKAGE_URL ""
| #define PACKAGE "dash"
| #define VERSION "0.5.12"
| #define HAVE_STDIO_H 1
| #define HAVE_STDLIB_H 1
| #define HAVE_STRING_H 1
| #define HAVE_INTTYPES_H 1
| #define HAVE_STDINT_H 1
| #define HAVE_STRINGS_H 1
| #define HAVE_SYS_STAT_H 1
| #define HAVE_SYS_TYPES_H 1
| #define HAVE_UNISTD_H 1
| #define HAVE_WCHAR_H 1
| #define STDC_HEADERS 1
| #define _ALL_SOURCE 1
| #define _DARWIN_C_SOURCE 1
| #define _GNU_SOURCE 1
| #define _HPUX_ALT_XOPEN_SOCKET_API 1
| #define _NETBSD_SOURCE 1
| #define _OPENBSD_SOURCE 1
| #define _POSIX_PTHREAD_SEMANTICS 1
| #define __STDC_WANT_IEC_60559_ATTRIBS_EXT__ 1
| #define __STDC_WANT_IEC_60559_BFP_EXT__ 1
| #define __STDC_WANT_IEC_60559_DFP_EXT__ 1
| #define __STDC_WANT_IEC_60559_FUNCS_EXT__ 1
| #define __STDC_WANT_IEC_60559_TYPES_EXT__ 1
| #define __STDC_WANT_LIB_EXT2__ 1
| #define __STDC_WANT_MATH_SPEC_FUNCS__ 1
| #define _TANDEM_SOURCE 1
| #define __EXTENSIONS__ 1
| #define HAVE_ALIAS_ATTRIBUTE 1
| #define HAVE_ALLOCA_H 1
| #define HAVE_PATHS_H 1
| /* end confdefs.h.  */
| 
| #ifdef HAVE_PATHS_H
| #include <paths.h>
| #endif
| 
| 
| int
| main (void)
| {
| #ifndef _PATH_BSHELL
| #ifdef __cplusplus
|   (void) _PATH_BSHELL;
| #else
|   (void) _PATH_BSHELL;
| #endif
| #endif
| 
|   ;
|   return 0;
| }
configure:5187: result: no
configure:5201: checking whether _PATH_DEVNULL is declared
configure:5201: cc -c -fPIC -g -fomit-frame-pointer -ftls-model=global-dynamic --sysroot=/asis -D_Nullable=    conftest.c >&5
conftest.c: In function 'main':
conftest.c:55:10: error: '_PATH_DEVNULL' undeclared (first use in this function)
   55 |   (void) _PATH_DEVNULL;
      |          ^~~~~~~~~~~~~
conftest.c:55:10: note: each undeclared identifier is reported only once for each function it appears in
configure:5201: $? = 1
configure: failed program was:
| /* confdefs.h */
| #define PACKAGE_NAME "dash"
| #define PACKAGE_TARNAME "dash"
| #define PACKAGE_VERSION "0.5.12"
| #define PACKAGE_STRING "dash 0.5.12"
| #define PACKAGE_BUGREPORT ""
| #define PACKAGE_URL ""
| #define PACKAGE "dash"
| #define VERSION "0.5.12"
| #define HAVE_STDIO_H 1
| #define HAVE_STDLIB_H 1
| #define HAVE_STRING_H 1
| #define HAVE_INTTYPES_H 1
| #define HAVE_STDINT_H 1
| #define HAVE_STRINGS_H 1
| #define HAVE_SYS_STAT_H 1
| #define HAVE_SYS_TYPES_H 1
| #define HAVE_UNISTD_H 1
| #define HAVE_WCHAR_H 1
| #define STDC_HEADERS 1
| #define _ALL_SOURCE 1
| #define _DARWIN_C_SOURCE 1
| #define _GNU_SOURCE 1
| #define _HPUX_ALT_XOPEN_SOCKET_API 1
| #define _NETBSD_SOURCE 1
| #define _OPENBSD_SOURCE 1
| #define _POSIX_PTHREAD_SEMANTICS 1
| #define __STDC_WANT_IEC_60559_ATTRIBS_EXT__ 1
| #define __STDC_WANT_IEC_60559_BFP_EXT__ 1
| #define __STDC_WANT_IEC_60559_DFP_EXT__ 1
| #define __STDC_WANT_IEC_60559_FUNCS_EXT__ 1
| #define __STDC_WANT_IEC_60559_TYPES_EXT__ 1
| #define __STDC_WANT_LIB_EXT2__ 1
| #define __STDC_WANT_MATH_SPEC_FUNCS__ 1
| #define _TANDEM_SOURCE 1
| #define __EXTENSIONS__ 1
| #define HAVE_ALIAS_ATTRIBUTE 1
| #define HAVE_ALLOCA_H 1
| #define HAVE_PATHS_H 1
| #define _PATH_BSHELL "/bin/sh"
| /* end confdefs.h.  */
| 
| #ifdef HAVE_PATHS_H
| #include <paths.h>
| #endif
| 
| 
| int
| main (void)
| {
| #ifndef _PATH_DEVNULL
| #ifdef __cplusplus
|   (void) _PATH_DEVNULL;
| #else
|   (void) _PATH_DEVNULL;
| #endif
| #endif
| 
|   ;
|   return 0;
| }
configure:5201: result: no
configure:5215: checking whether _PATH_TTY is declared
configure:5215: cc -c -fPIC -g -fomit-frame-pointer -ftls-model=global-dynamic --sysroot=/asis -D_Nullable=    conftest.c >&5
conftest.c: In function 'main':
conftest.c:56:10: error: '_PATH_TTY' undeclared (first use in this function)
   56 |   (void) _PATH_TTY;
      |          ^~~~~~~~~
conftest.c:56:10: note: each undeclared identifier is reported only once for each function it appears in
configure:5215: $? = 1
configure: failed program was:
| /* confdefs.h */
| #define PACKAGE_NAME "dash"
| #define PACKAGE_TARNAME "dash"
| #define PACKAGE_VERSION "0.5.12"
| #define PACKAGE_STRING "dash 0.5.12"
| #define PACKAGE_BUGREPORT ""
| #define PACKAGE_URL ""
| #define PACKAGE "dash"
| #define VERSION "0.5.12"
| #define HAVE_STDIO_H 1
| #define HAVE_STDLIB_H 1
| #define HAVE_STRING_H 1
| #define HAVE_INTTYPES_H 1
| #define HAVE_STDINT_H 1
| #define HAVE_STRINGS_H 1
| #define HAVE_SYS_STAT_H 1
| #define HAVE_SYS_TYPES_H 1
| #define HAVE_UNISTD_H 1
| #define HAVE_WCHAR_H 1
| #define STDC_HEADERS 1
| #define _ALL_SOURCE 1
| #define _DARWIN_C_SOURCE 1
| #define _GNU_SOURCE 1
| #define _HPUX_ALT_XOPEN_SOCKET_API 1
| #define _NETBSD_SOURCE 1
| #define _OPENBSD_SOURCE 1
| #define _POSIX_PTHREAD_SEMANTICS 1
| #define __STDC_WANT_IEC_60559_ATTRIBS_EXT__ 1
| #define __STDC_WANT_IEC_60559_BFP_EXT__ 1
| #define __STDC_WANT_IEC_60559_DFP_EXT__ 1
| #define __STDC_WANT_IEC_60559_FUNCS_EXT__ 1
| #define __STDC_WANT_IEC_60559_TYPES_EXT__ 1
| #define __STDC_WANT_LIB_EXT2__ 1
| #define __STDC_WANT_MATH_SPEC_FUNCS__ 1
| #define _TANDEM_SOURCE 1
| #define __EXTENSIONS__ 1
| #define HAVE_ALIAS_ATTRIBUTE 1
| #define HAVE_ALLOCA_H 1
| #define HAVE_PATHS_H 1
| #define _PATH_BSHELL "/bin/sh"
| #define _PATH_DEVNULL "/dev/null"
| /* end confdefs.h.  */
| 
| #ifdef HAVE_PATHS_H
| #include <paths.h>
| #endif
| 
| 
| int
| main (void)
| {
| #ifndef _PATH_TTY
| #ifdef __cplusplus
|   (void) _PATH_TTY;
| #else
|   (void) _PATH_TTY;
| #endif
| #endif
| 
|   ;
|   return 0;
| }
configure:5215: result: no
configure:5230: checking whether isblank is declared
configure:5230: cc -c -fPIC -g -fomit-frame-pointer -ftls-model=global-dynamic --sysroot=/asis -D_Nullable=    conftest.c >&5
configure:5230: $? = 0
configure:5230: result: yes
configure:5245: checking size of intmax_t
configure:5251: cc -c -fPIC -g -fomit-frame-pointer -ftls-model=global-dynamic --sysroot=/asis -D_Nullable=   conftest.c >&5
configure:5251: $? = 0
configure:5251: cc -c -fPIC -g -fomit-frame-pointer -ftls-model=global-dynamic --sysroot=/asis -D_Nullable=   conftest.c >&5
conftest.c: In function 'main':
conftest.c:76:12: error: size of array 'test_array' is negative
   76 | static int test_array [1 - 2 * !(((long int) (sizeof (intmax_t))) <= 0)];
      |            ^~~~~~~~~~
configure:5251: $? = 1
configure: failed program was:
| /* confdefs.h */
| #define PACKAGE_NAME "dash"
| #define PACKAGE_TARNAME "dash"
| #define PACKAGE_VERSION "0.5.12"
| #define PACKAGE_STRING "dash 0.5.12"
| #define PACKAGE_BUGREPORT ""
| #define PACKAGE_URL ""
| #define PACKAGE "dash"
| #define VERSION "0.5.12"
| #define HAVE_STDIO_H 1
| #define HAVE_STDLIB_H 1
| #define HAVE_STRING_H 1
| #define HAVE_INTTYPES_H 1
| #define HAVE_STDINT_H 1
| #define HAVE_STRINGS_H 1
| #define HAVE_SYS_STAT_H 1
| #define HAVE_SYS_TYPES_H 1
| #define HAVE_UNISTD_H 1
| #define HAVE_WCHAR_H 1
| #define STDC_HEADERS 1
| #define _ALL_SOURCE 1
| #define _DARWIN_C_SOURCE 1
| #define _GNU_SOURCE 1
| #define _HPUX_ALT_XOPEN_SOCKET_API 1
| #define _NETBSD_SOURCE 1
| #define _OPENBSD_SOURCE 1
| #define _POSIX_PTHREAD_SEMANTICS 1
| #define __STDC_WANT_IEC_60559_ATTRIBS_EXT__ 1
| #define __STDC_WANT_IEC_60559_BFP_EXT__ 1
| #define __STDC_WANT_IEC_60559_DFP_EXT__ 1
| #define __STDC_WANT_IEC_60559_FUNCS_EXT__ 1
| #define __STDC_WANT_IEC_60559_TYPES_EXT__ 1
| #define __STDC_WANT_LIB_EXT2__ 1
| #define __STDC_WANT_MATH_SPEC_FUNCS__ 1
| #define _TANDEM_SOURCE 1
| #define __EXTENSIONS__ 1
| #define HAVE_ALIAS_ATTRIBUTE 1
| #define HAVE_ALLOCA_H 1
| #define HAVE_PATHS_H 1
| #define _PATH_BSHELL "/bin/sh"
| #define _PATH_DEVNULL "/dev/null"
| #define _PATH_TTY "/dev/tty"
| #define HAVE_DECL_ISBLANK 1
| /* end confdefs.h.  */
| #include <stddef.h>
| #ifdef HAVE_STDIO_H
| # include <stdio.h>
| #endif
| #ifdef HAVE_STDLIB_H
| # include <stdlib.h>
| #endif
| #ifdef HAVE_STRING_H
| # include <string.h>
| #endif
| #ifdef HAVE_INTTYPES_H
| # include <inttypes.h>
| #endif
| #ifdef HAVE_STDINT_H
| # include <stdint.h>
| #endif
| #ifdef HAVE_STRINGS_H
| # include <strings.h>
| #endif
| #ifdef HAVE_SYS_TYPES_H
| # include <sys/types.h>
| #endif
| #ifdef HAVE_SYS_STAT_H
| # include <sys/stat.h>
| #endif
| #ifdef HAVE_UNISTD_H
| # include <unistd.h>
| #endif
| int
| main (void)
| {
| static int test_array [1 - 2 * !(((long int) (sizeof (intmax_t))) <= 0)];
| test_array [0] = 0;
| return test_array [0];
| 
|   ;
|   return 0;
| }
configure:5251: cc -c -fPIC -g -fomit-frame-pointer -ftls-model=global-dynamic --sysroot=/asis -D_Nullable=   conftest.c >&5
conftest.c: In function 'main':
conftest.c:76:12: error: size of array 'test_array' is negative
   76 | static int test_array [1 - 2 * !(((long int) (sizeof (intmax_t))) <= 1)];
      |            ^~~~~~~~~~
configure:5251: $? = 1
configure: failed program was:
| /* confdefs.h */
| #define PACKAGE_NAME "dash"
| #define PACKAGE_TARNAME "dash"
| #define PACKAGE_VERSION "0.5.12"
| #define PACKAGE_STRING "dash 0.5.12"
| #define PACKAGE_BUGREPORT ""
| #define PACKAGE_URL ""
| #define PACKAGE "dash"
| #define VERSION "0.5.12"
| #define HAVE_STDIO_H 1
| #define HAVE_STDLIB_H 1
| #define HAVE_STRING_H 1
| #define HAVE_INTTYPES_H 1
| #define HAVE_STDINT_H 1
| #define HAVE_STRINGS_H 1
| #define HAVE_SYS_STAT_H 1
| #define HAVE_SYS_TYPES_H 1
| #define HAVE_UNISTD_H 1
| #define HAVE_WCHAR_H 1
| #define STDC_HEADERS 1
| #define _ALL_SOURCE 1
| #define _DARWIN_C_SOURCE 1
| #define _GNU_SOURCE 1
| #define _HPUX_ALT_XOPEN_SOCKET_API 1
| #define _NETBSD_SOURCE 1
| #define _OPENBSD_SOURCE 1
| #define _POSIX_PTHREAD_SEMANTICS 1
| #define __STDC_WANT_IEC_60559_ATTRIBS_EXT__ 1
| #define __STDC_WANT_IEC_60559_BFP_EXT__ 1
| #define __STDC_WANT_IEC_60559_DFP_EXT__ 1
| #define __STDC_WANT_IEC_60559_FUNCS_EXT__ 1
| #define __STDC_WANT_IEC_60559_TYPES_EXT__ 1
| #define __STDC_WANT_LIB_EXT2__ 1
| #define __STDC_WANT_MATH_SPEC_FUNCS__ 1
| #define _TANDEM_SOURCE 1
| #define __EXTENSIONS__ 1
| #define HAVE_ALIAS_ATTRIBUTE 1
| #define HAVE_ALLOCA_H 1
| #define HAVE_PATHS_H 1
| #define _PATH_BSHELL "/bin/sh"
| #define _PATH_DEVNULL "/dev/null"
| #define _PATH_TTY "/dev/tty"
| #define HAVE_DECL_ISBLANK 1
| /* end confdefs.h.  */
| #include <stddef.h>
| #ifdef HAVE_STDIO_H
| # include <stdio.h>
| #endif
| #ifdef HAVE_STDLIB_H
| # include <stdlib.h>
| #endif
| #ifdef HAVE_STRING_H
| # include <string.h>
| #endif
| #ifdef HAVE_INTTYPES_H
| # include <inttypes.h>
| #endif
| #ifdef HAVE_STDINT_H
| # include <stdint.h>
| #endif
| #ifdef HAVE_STRINGS_H
| # include <strings.h>
| #endif
| #ifdef HAVE_SYS_TYPES_H
| # include <sys/types.h>
| #endif
| #ifdef HAVE_SYS_STAT_H
| # include <sys/stat.h>
| #endif
| #ifdef HAVE_UNISTD_H
| # include <unistd.h>
| #endif
| int
| main (void)
| {
| static int test_array [1 - 2 * !(((long int) (sizeof (intmax_t))) <= 1)];
| test_array [0] = 0;
| return test_array [0];
| 
|   ;
|   return 0;
| }
configure:5251: cc -c -fPIC -g -fomit-frame-pointer -ftls-model=global-dynamic --sysroot=/asis -D_Nullable=   conftest.c >&5
conftest.c: In function 'main':
conftest.c:76:12: error: size of array 'test_array' is negative
   76 | static int test_array [1 - 2 * !(((long int) (sizeof (intmax_t))) <= 3)];
      |            ^~~~~~~~~~
configure:5251: $? = 1
configure: failed program was:
| /* confdefs.h */
| #define PACKAGE_NAME "dash"
| #define PACKAGE_TARNAME "dash"
| #define PACKAGE_VERSION "0.5.12"
| #define PACKAGE_STRING "dash 0.5.12"
| #define PACKAGE_BUGREPORT ""
| #define PACKAGE_URL ""
| #define PACKAGE "dash"
| #define VERSION "0.5.12"
| #define HAVE_STDIO_H 1
| #define HAVE_STDLIB_H 1
| #define HAVE_STRING_H 1
| #define HAVE_INTTYPES_H 1
| #define HAVE_STDINT_H 1
| #define HAVE_STRINGS_H 1
| #define HAVE_SYS_STAT_H 1
| #define HAVE_SYS_TYPES_H 1
| #define HAVE_UNISTD_H 1
| #define HAVE_WCHAR_H 1
| #define STDC_HEADERS 1
| #define _ALL_SOURCE 1
| #define _DARWIN_C_SOURCE 1
| #define _GNU_SOURCE 1
| #define _HPUX_ALT_XOPEN_SOCKET_API 1
| #define _NETBSD_SOURCE 1
| #define _OPENBSD_SOURCE 1
| #define _POSIX_PTHREAD_SEMANTICS 1
| #define __STDC_WANT_IEC_60559_ATTRIBS_EXT__ 1
| #define __STDC_WANT_IEC_60559_BFP_EXT__ 1
| #define __STDC_WANT_IEC_60559_DFP_EXT__ 1
| #define __STDC_WANT_IEC_60559_FUNCS_EXT__ 1
| #define __STDC_WANT_IEC_60559_TYPES_EXT__ 1
| #define __STDC_WANT_LIB_EXT2__ 1
| #define __STDC_WANT_MATH_SPEC_FUNCS__ 1
| #define _TANDEM_SOURCE 1
| #define __EXTENSIONS__ 1
| #define HAVE_ALIAS_ATTRIBUTE 1
| #define HAVE_ALLOCA_H 1
| #define HAVE_PATHS_H 1
| #define _PATH_BSHELL "/bin/sh"
| #define _PATH_DEVNULL "/dev/null"
| #define _PATH_TTY "/dev/tty"
| #define HAVE_DECL_ISBLANK 1
| /* end confdefs.h.  */
| #include <stddef.h>
| #ifdef HAVE_STDIO_H
| # include <stdio.h>
| #endif
| #ifdef HAVE_STDLIB_H
| # include <stdlib.h>
| #endif
| #ifdef HAVE_STRING_H
| # include <string.h>
| #endif
| #ifdef HAVE_INTTYPES_H
| # include <inttypes.h>
| #endif
| #ifdef HAVE_STDINT_H
| # include <stdint.h>
| #endif
| #ifdef HAVE_STRINGS_H
| # include <strings.h>
| #endif
| #ifdef HAVE_SYS_TYPES_H
| # include <sys/types.h>
| #endif
| #ifdef HAVE_SYS_STAT_H
| # include <sys/stat.h>
| #endif
| #ifdef HAVE_UNISTD_H
| # include <unistd.h>
| #endif
| int
| main (void)
| {
| static int test_array [1 - 2 * !(((long int) (sizeof (intmax_t))) <= 3)];
| test_array [0] = 0;
| return test_array [0];
| 
|   ;
|   return 0;
| }
configure:5251: cc -c -fPIC -g -fomit-frame-pointer -ftls-model=global-dynamic --sysroot=/asis -D_Nullable=   conftest.c >&5
conftest.c: In function 'main':
conftest.c:76:12: error: size of array 'test_array' is negative
   76 | static int test_array [1 - 2 * !(((long int) (sizeof (intmax_t))) <= 7)];
      |            ^~~~~~~~~~
configure:5251: $? = 1
configure: failed program was:
| /* confdefs.h */
| #define PACKAGE_NAME "dash"
| #define PACKAGE_TARNAME "dash"
| #define PACKAGE_VERSION "0.5.12"
| #define PACKAGE_STRING "dash 0.5.12"
| #define PACKAGE_BUGREPORT ""
| #define PACKAGE_URL ""
| #define PACKAGE "dash"
| #define VERSION "0.5.12"
| #define HAVE_STDIO_H 1
| #define HAVE_STDLIB_H 1
| #define HAVE_STRING_H 1
| #define HAVE_INTTYPES_H 1
| #define HAVE_STDINT_H 1
| #define HAVE_STRINGS_H 1
| #define HAVE_SYS_STAT_H 1
| #define HAVE_SYS_TYPES_H 1
| #define HAVE_UNISTD_H 1
| #define HAVE_WCHAR_H 1
| #define STDC_HEADERS 1
| #define _ALL_SOURCE 1
| #define _DARWIN_C_SOURCE 1
| #define _GNU_SOURCE 1
| #define _HPUX_ALT_XOPEN_SOCKET_API 1
| #define _NETBSD_SOURCE 1
| #define _OPENBSD_SOURCE 1
| #define _POSIX_PTHREAD_SEMANTICS 1
| #define __STDC_WANT_IEC_60559_ATTRIBS_EXT__ 1
| #define __STDC_WANT_IEC_60559_BFP_EXT__ 1
| #define __STDC_WANT_IEC_60559_DFP_EXT__ 1
| #define __STDC_WANT_IEC_60559_FUNCS_EXT__ 1
| #define __STDC_WANT_IEC_60559_TYPES_EXT__ 1
| #define __STDC_WANT_LIB_EXT2__ 1
| #define __STDC_WANT_MATH_SPEC_FUNCS__ 1
| #define _TANDEM_SOURCE 1
| #define __EXTENSIONS__ 1
| #define HAVE_ALIAS_ATTRIBUTE 1
| #define HAVE_ALLOCA_H 1
| #define HAVE_PATHS_H 1
| #define _PATH_BSHELL "/bin/sh"
| #define _PATH_DEVNULL "/dev/null"
| #define _PATH_TTY "/dev/tty"
| #define HAVE_DECL_ISBLANK 1
| /* end confdefs.h.  */
| #include <stddef.h>
| #ifdef HAVE_STDIO_H
| # include <stdio.h>
| #endif
| #ifdef HAVE_STDLIB_H
| # include <stdlib.h>
| #endif
| #ifdef HAVE_STRING_H
| # include <string.h>
| #endif
| #ifdef HAVE_INTTYPES_H
| # include <inttypes.h>
| #endif
| #ifdef HAVE_STDINT_H
| # include <stdint.h>
| #endif
| #ifdef HAVE_STRINGS_H
| # include <strings.h>
| #endif
| #ifdef HAVE_SYS_TYPES_H
| # include <sys/types.h>
| #endif
| #ifdef HAVE_SYS_STAT_H
| # include <sys/stat.h>
| #endif
| #ifdef HAVE_UNISTD_H
| # include <unistd.h>
| #endif
| int
| main (void)
| {
| static int test_array [1 - 2 * !(((long int) (sizeof (intmax_t))) <= 7)];
| test_array [0] = 0;
| return test_array [0];
| 
|   ;
|   return 0;
| }
configure:5251: cc -c -fPIC -g -fomit-frame-pointer -ftls-model=global-dynamic --sysroot=/asis -D_Nullable=   conftest.c >&5
configure:5251: $? = 0
configure:5251: cc -c -fPIC -g -fomit-frame-pointer -ftls-model=global-dynamic --sysroot=/asis -D_Nullable=   conftest.c >&5
configure:5251: $? = 0
configure:5251: cc -c -fPIC -g -fomit-frame-pointer -ftls-model=global-dynamic --sysroot=/asis -D_Nullable=   conftest.c >&5
configure:5251: $? = 0
configure:5251: cc -c -fPIC -g -fomit-frame-pointer -ftls-model=global-dynamic --sysroot=/asis -D_Nullable=   conftest.c >&5
configure:5251: $? = 0
configure:5266: result: 8
configure:5278: checking size of long long int
configure:5284: cc -c -fPIC -g -fomit-frame-pointer -ftls-model=global-dynamic --sysroot=/asis -D_Nullable=   conftest.c >&5
configure:5284: $? = 0
configure:5284: cc -c -fPIC -g -fomit-frame-pointer -ftls-model=global-dynamic --sysroot=/asis -D_Nullable=   conftest.c >&5
conftest.c: In function 'main':
conftest.c:77:12: error: size of array 'test_array' is negative
   77 | static int test_array [1 - 2 * !(((long int) (sizeof (long long int))) <= 0)];
      |            ^~~~~~~~~~
configure:5284: $? = 1
configure: failed program was:
| /* confdefs.h */
| #define PACKAGE_NAME "dash"
| #define PACKAGE_TARNAME "dash"
| #define PACKAGE_VERSION "0.5.12"
| #define PACKAGE_STRING "dash 0.5.12"
| #define PACKAGE_BUGREPORT ""
| #define PACKAGE_URL ""
| #define PACKAGE "dash"
| #define VERSION "0.5.12"
| #define HAVE_STDIO_H 1
| #define HAVE_STDLIB_H 1
| #define HAVE_STRING_H 1
| #define HAVE_INTTYPES_H 1
| #define HAVE_STDINT_H 1
| #define HAVE_STRINGS_H 1
| #define HAVE_SYS_STAT_H 1
| #define HAVE_SYS_TYPES_H 1
| #define HAVE_UNISTD_H 1
| #define HAVE_WCHAR_H 1
| #define STDC_HEADERS 1
| #define _ALL_SOURCE 1
| #define _DARWIN_C_SOURCE 1
| #define _GNU_SOURCE 1
| #define _HPUX_ALT_XOPEN_SOCKET_API 1
| #define _NETBSD_SOURCE 1
| #define _OPENBSD_SOURCE 1
| #define _POSIX_PTHREAD_SEMANTICS 1
| #define __STDC_WANT_IEC_60559_ATTRIBS_EXT__ 1
| #define __STDC_WANT_IEC_60559_BFP_EXT__ 1
| #define __STDC_WANT_IEC_60559_DFP_EXT__ 1
| #define __STDC_WANT_IEC_60559_FUNCS_EXT__ 1
| #define __STDC_WANT_IEC_60559_TYPES_EXT__ 1
| #define __STDC_WANT_LIB_EXT2__ 1
| #define __STDC_WANT_MATH_SPEC_FUNCS__ 1
| #define _TANDEM_SOURCE 1
| #define __EXTENSIONS__ 1
| #define HAVE_ALIAS_ATTRIBUTE 1
| #define HAVE_ALLOCA_H 1
| #define HAVE_PATHS_H 1
| #define _PATH_BSHELL "/bin/sh"
| #define _PATH_DEVNULL "/dev/null"
| #define _PATH_TTY "/dev/tty"
| #define HAVE_DECL_ISBLANK 1
| #define SIZEOF_INTMAX_T 8
| /* end confdefs.h.  */
| #include <stddef.h>
| #ifdef HAVE_STDIO_H
| # include <stdio.h>
| #endif
| #ifdef HAVE_STDLIB_H
| # include <stdlib.h>
| #endif
| #ifdef HAVE_STRING_H
| # include <string.h>
| #endif
| #ifdef HAVE_INTTYPES_H
| # include <inttypes.h>
| #endif
| #ifdef HAVE_STDINT_H
| # include <stdint.h>
| #endif
| #ifdef HAVE_STRINGS_H
| # include <strings.h>
| #endif
| #ifdef HAVE_SYS_TYPES_H
| # include <sys/types.h>
| #endif
| #ifdef HAVE_SYS_STAT_H
| # include <sys/stat.h>
| #endif
| #ifdef HAVE_UNISTD_H
| # include <unistd.h>
| #endif
| int
| main (void)
| {
| static int test_array [1 - 2 * !(((long int) (sizeof (long long int))) <= 0)];
| test_array [0] = 0;
| return test_array [0];
| 
|   ;
|   return 0;
| }
configure:5284: cc -c -fPIC -g -fomit-frame-pointer -ftls-model=global-dynamic --sysroot=/asis -D_Nullable=   conftest.c >&5
conftest.c: In function 'main':
conftest.c:77:12: error: size of array 'test_array' is negative
   77 | static int test_array [1 - 2 * !(((long int) (sizeof (long long int))) <= 1)];
      |            ^~~~~~~~~~
configure:5284: $? = 1
configure: failed program was:
| /* confdefs.h */
| #define PACKAGE_NAME "dash"
| #define PACKAGE_TARNAME "dash"
| #define PACKAGE_VERSION "0.5.12"
| #define PACKAGE_STRING "dash 0.5.12"
| #define PACKAGE_BUGREPORT ""
| #define PACKAGE_URL ""
| #define PACKAGE "dash"
| #define VERSION "0.5.12"
| #define HAVE_STDIO_H 1
| #define HAVE_STDLIB_H 1
| #define HAVE_STRING_H 1
| #define HAVE_INTTYPES_H 1
| #define HAVE_STDINT_H 1
| #define HAVE_STRINGS_H 1
| #define HAVE_SYS_STAT_H 1
| #define HAVE_SYS_TYPES_H 1
| #define HAVE_UNISTD_H 1
| #define HAVE_WCHAR_H 1
| #define STDC_HEADERS 1
| #define _ALL_SOURCE 1
| #define _DARWIN_C_SOURCE 1
| #define _GNU_SOURCE 1
| #define _HPUX_ALT_XOPEN_SOCKET_API 1
| #define _NETBSD_SOURCE 1
| #define _OPENBSD_SOURCE 1
| #define _POSIX_PTHREAD_SEMANTICS 1
| #define __STDC_WANT_IEC_60559_ATTRIBS_EXT__ 1
| #define __STDC_WANT_IEC_60559_BFP_EXT__ 1
| #define __STDC_WANT_IEC_60559_DFP_EXT__ 1
| #define __STDC_WANT_IEC_60559_FUNCS_EXT__ 1
| #define __STDC_WANT_IEC_60559_TYPES_EXT__ 1
| #define __STDC_WANT_LIB_EXT2__ 1
| #define __STDC_WANT_MATH_SPEC_FUNCS__ 1
| #define _TANDEM_SOURCE 1
| #define __EXTENSIONS__ 1
| #define HAVE_ALIAS_ATTRIBUTE 1
| #define HAVE_ALLOCA_H 1
| #define HAVE_PATHS_H 1
| #define _PATH_BSHELL "/bin/sh"
| #define _PATH_DEVNULL "/dev/null"
| #define _PATH_TTY "/dev/tty"
| #define HAVE_DECL_ISBLANK 1
| #define SIZEOF_INTMAX_T 8
| /* end confdefs.h.  */
| #include <stddef.h>
| #ifdef HAVE_STDIO_H
| # include <stdio.h>
| #endif
| #ifdef HAVE_STDLIB_H
| # include <stdlib.h>
| #endif
| #ifdef HAVE_STRING_H
| # include <string.h>
| #endif
| #ifdef HAVE_INTTYPES_H
| # include <inttypes.h>
| #endif
| #ifdef HAVE_STDINT_H
| # include <stdint.h>
| #endif
| #ifdef HAVE_STRINGS_H
| # include <strings.h>
| #endif
| #ifdef HAVE_SYS_TYPES_H
| # include <sys/types.h>
| #endif
| #ifdef HAVE_SYS_STAT_H
| # include <sys/stat.h>
| #endif
| #ifdef HAVE_UNISTD_H
| # include <unistd.h>
| #endif
| int
| main (void)
| {
| static int test_array [1 - 2 * !(((long int) (sizeof (long long int))) <= 1)];
| test_array [0] = 0;
| return test_array [0];
| 
|   ;
|   return 0;
| }
configure:5284: cc -c -fPIC -g -fomit-frame-pointer -ftls-model=global-dynamic --sysroot=/asis -D_Nullable=   conftest.c >&5
conftest.c: In function 'main':
conftest.c:77:12: error: size of array 'test_array' is negative
   77 | static int test_array [1 - 2 * !(((long int) (sizeof (long long int))) <= 3)];
      |            ^~~~~~~~~~
configure:5284: $? = 1
configure: failed program was:
| /* confdefs.h */
| #define PACKAGE_NAME "dash"
| #define PACKAGE_TARNAME "dash"
| #define PACKAGE_VERSION "0.5.12"
| #define PACKAGE_STRING "dash 0.5.12"
| #define PACKAGE_BUGREPORT ""
| #define PACKAGE_URL ""
| #define PACKAGE "dash"
| #define VERSION "0.5.12"
| #define HAVE_STDIO_H 1
| #define HAVE_STDLIB_H 1
| #define HAVE_STRING_H 1
| #define HAVE_INTTYPES_H 1
| #define HAVE_STDINT_H 1
| #define HAVE_STRINGS_H 1
| #define HAVE_SYS_STAT_H 1
| #define HAVE_SYS_TYPES_H 1
| #define HAVE_UNISTD_H 1
| #define HAVE_WCHAR_H 1
| #define STDC_HEADERS 1
| #define _ALL_SOURCE 1
| #define _DARWIN_C_SOURCE 1
| #define _GNU_SOURCE 1
| #define _HPUX_ALT_XOPEN_SOCKET_API 1
| #define _NETBSD_SOURCE 1
| #define _OPENBSD_SOURCE 1
| #define _POSIX_PTHREAD_SEMANTICS 1
| #define __STDC_WANT_IEC_60559_ATTRIBS_EXT__ 1
| #define __STDC_WANT_IEC_60559_BFP_EXT__ 1
| #define __STDC_WANT_IEC_60559_DFP_EXT__ 1
| #define __STDC_WANT_IEC_60559_FUNCS_EXT__ 1
| #define __STDC_WANT_IEC_60559_TYPES_EXT__ 1
| #define __STDC_WANT_LIB_EXT2__ 1
| #define __STDC_WANT_MATH_SPEC_FUNCS__ 1
| #define _TANDEM_SOURCE 1
| #define __EXTENSIONS__ 1
| #define HAVE_ALIAS_ATTRIBUTE 1
| #define HAVE_ALLOCA_H 1
| #define HAVE_PATHS_H 1
| #define _PATH_BSHELL "/bin/sh"
| #define _PATH_DEVNULL "/dev/null"
| #define _PATH_TTY "/dev/tty"
| #define HAVE_DECL_ISBLANK 1
| #define SIZEOF_INTMAX_T 8
| /* end confdefs.h.  */
| #include <stddef.h>
| #ifdef HAVE_STDIO_H
| # include <stdio.h>
| #endif
| #ifdef HAVE_STDLIB_H
| # include <stdlib.h>
| #endif
| #ifdef HAVE_STRING_H
| # include <string.h>
| #endif
| #ifdef HAVE_INTTYPES_H
| # include <inttypes.h>
| #endif
| #ifdef HAVE_STDINT_H
| # include <stdint.h>
| #endif
| #ifdef HAVE_STRINGS_H
| # include <strings.h>
| #endif
| #ifdef HAVE_SYS_TYPES_H
| # include <sys/types.h>
| #endif
| #ifdef HAVE_SYS_STAT_H
| # include <sys/stat.h>
| #endif
| #ifdef HAVE_UNISTD_H
| # include <unistd.h>
| #endif
| int
| main (void)
| {
| static int test_array [1 - 2 * !(((long int) (sizeof (long long int))) <= 3)];
| test_array [0] = 0;
| return test_array [0];
| 
|   ;
|   return 0;
| }
configure:5284: cc -c -fPIC -g -fomit-frame-pointer -ftls-model=global-dynamic --sysroot=/asis -D_Nullable=   conftest.c >&5
conftest.c: In function 'main':
conftest.c:77:12: error: size of array 'test_array' is negative
   77 | static int test_array [1 - 2 * !(((long int) (sizeof (long long int))) <= 7)];
      |            ^~~~~~~~~~
configure:5284: $? = 1
configure: failed program was:
| /* confdefs.h */
| #define PACKAGE_NAME "dash"
| #define PACKAGE_TARNAME "dash"
| #define PACKAGE_VERSION "0.5.12"
| #define PACKAGE_STRING "dash 0.5.12"
| #define PACKAGE_BUGREPORT ""
| #define PACKAGE_URL ""
| #define PACKAGE "dash"
| #define VERSION "0.5.12"
| #define HAVE_STDIO_H 1
| #define HAVE_STDLIB_H 1
| #define HAVE_STRING_H 1
| #define HAVE_INTTYPES_H 1
| #define HAVE_STDINT_H 1
| #define HAVE_STRINGS_H 1
| #define HAVE_SYS_STAT_H 1
| #define HAVE_SYS_TYPES_H 1
| #define HAVE_UNISTD_H 1
| #define HAVE_WCHAR_H 1
| #define STDC_HEADERS 1
| #define _ALL_SOURCE 1
| #define _DARWIN_C_SOURCE 1
| #define _GNU_SOURCE 1
| #define _HPUX_ALT_XOPEN_SOCKET_API 1
| #define _NETBSD_SOURCE 1
| #define _OPENBSD_SOURCE 1
| #define _POSIX_PTHREAD_SEMANTICS 1
| #define __STDC_WANT_IEC_60559_ATTRIBS_EXT__ 1
| #define __STDC_WANT_IEC_60559_BFP_EXT__ 1
| #define __STDC_WANT_IEC_60559_DFP_EXT__ 1
| #define __STDC_WANT_IEC_60559_FUNCS_EXT__ 1
| #define __STDC_WANT_IEC_60559_TYPES_EXT__ 1
| #define __STDC_WANT_LIB_EXT2__ 1
| #define __STDC_WANT_MATH_SPEC_FUNCS__ 1
| #define _TANDEM_SOURCE 1
| #define __EXTENSIONS__ 1
| #define HAVE_ALIAS_ATTRIBUTE 1
| #define HAVE_ALLOCA_H 1
| #define HAVE_PATHS_H 1
| #define _PATH_BSHELL "/bin/sh"
| #define _PATH_DEVNULL "/dev/null"
| #define _PATH_TTY "/dev/tty"
| #define HAVE_DECL_ISBLANK 1
| #define SIZEOF_INTMAX_T 8
| /* end confdefs.h.  */
| #include <stddef.h>
| #ifdef HAVE_STDIO_H
| # include <stdio.h>
| #endif
| #ifdef HAVE_STDLIB_H
| # include <stdlib.h>
| #endif
| #ifdef HAVE_STRING_H
| # include <string.h>
| #endif
| #ifdef HAVE_INTTYPES_H
| # include <inttypes.h>
| #endif
| #ifdef HAVE_STDINT_H
| # include <stdint.h>
| #endif
| #ifdef HAVE_STRINGS_H
| # include <strings.h>
| #endif
| #ifdef HAVE_SYS_TYPES_H
| # include <sys/types.h>
| #endif
| #ifdef HAVE_SYS_STAT_H
| # include <sys/stat.h>
| #endif
| #ifdef HAVE_UNISTD_H
| # include <unistd.h>
| #endif
| int
| main (void)
| {
| static int test_array [1 - 2 * !(((long int) (sizeof (long long int))) <= 7)];
| test_array [0] = 0;
| return test_array [0];
| 
|   ;
|   return 0;
| }
configure:5284: cc -c -fPIC -g -fomit-frame-pointer -ftls-model=global-dynamic --sysroot=/asis -D_Nullable=   conftest.c >&5
configure:5284: $? = 0
configure:5284: cc -c -fPIC -g -fomit-frame-pointer -ftls-model=global-dynamic --sysroot=/asis -D_Nullable=   conftest.c >&5
configure:5284: $? = 0
configure:5284: cc -c -fPIC -g -fomit-frame-pointer -ftls-model=global-dynamic --sysroot=/asis -D_Nullable=   conftest.c >&5
configure:5284: $? = 0
configure:5284: cc -c -fPIC -g -fomit-frame-pointer -ftls-model=global-dynamic --sysroot=/asis -D_Nullable=   conftest.c >&5
configure:5284: $? = 0
configure:5299: result: 8
configure:5314: checking whether PRIdMAX is declared
configure:5314: cc -c -fPIC -g -fomit-frame-pointer -ftls-model=global-dynamic --sysroot=/asis -D_Nullable=    conftest.c >&5
conftest.c: In function 'main':
conftest.c:58:10: error: 'PRIdMAX' undeclared (first use in this function)
   58 |   (void) PRIdMAX;
      |          ^~~~~~~
conftest.c:58:10: note: each undeclared identifier is reported only once for each function it appears in
configure:5314: $? = 1
configure: failed program was:
| /* confdefs.h */
| #define PACKAGE_NAME "dash"
| #define PACKAGE_TARNAME "dash"
| #define PACKAGE_VERSION "0.5.12"
| #define PACKAGE_STRING "dash 0.5.12"
| #define PACKAGE_BUGREPORT ""
| #define PACKAGE_URL ""
| #define PACKAGE "dash"
| #define VERSION "0.5.12"
| #define HAVE_STDIO_H 1
| #define HAVE_STDLIB_H 1
| #define HAVE_STRING_H 1
| #define HAVE_INTTYPES_H 1
| #define HAVE_STDINT_H 1
| #define HAVE_STRINGS_H 1
| #define HAVE_SYS_STAT_H 1
| #define HAVE_SYS_TYPES_H 1
| #define HAVE_UNISTD_H 1
| #define HAVE_WCHAR_H 1
| #define STDC_HEADERS 1
| #define _ALL_SOURCE 1
| #define _DARWIN_C_SOURCE 1
| #define _GNU_SOURCE 1
| #define _HPUX_ALT_XOPEN_SOCKET_API 1
| #define _NETBSD_SOURCE 1
| #define _OPENBSD_SOURCE 1
| #define _POSIX_PTHREAD_SEMANTICS 1
| #define __STDC_WANT_IEC_60559_ATTRIBS_EXT__ 1
| #define __STDC_WANT_IEC_60559_BFP_EXT__ 1
| #define __STDC_WANT_IEC_60559_DFP_EXT__ 1
| #define __STDC_WANT_IEC_60559_FUNCS_EXT__ 1
| #define __STDC_WANT_IEC_60559_TYPES_EXT__ 1
| #define __STDC_WANT_LIB_EXT2__ 1
| #define __STDC_WANT_MATH_SPEC_FUNCS__ 1
| #define _TANDEM_SOURCE 1
| #define __EXTENSIONS__ 1
| #define HAVE_ALIAS_ATTRIBUTE 1
| #define HAVE_ALLOCA_H 1
| #define HAVE_PATHS_H 1
| #define _PATH_BSHELL "/bin/sh"
| #define _PATH_DEVNULL "/dev/null"
| #define _PATH_TTY "/dev/tty"
| #define HAVE_DECL_ISBLANK 1
| #define SIZEOF_INTMAX_T 8
| #define SIZEOF_LONG_LONG_INT 8
| /* end confdefs.h.  */
| 
| #include <inttypes.h>
| 
| 
| int
| main (void)
| {
| #ifndef PRIdMAX
| #ifdef __cplusplus
|   (void) PRIdMAX;
| #else
|   (void) PRIdMAX;
| #endif
| #endif
| 
|   ;
|   return 0;
| }
configure:5314: result: no
configure:5327: checking for bsearch
configure:5327: cc -o conftest -fPIC -g -fomit-frame-pointer -ftls-model=global-dynamic --sysroot=/asis -D_Nullable=   -nostdlib /asis/lib/crt.o -lac -shared --sysroot=/asis -lpwd conftest.c  >&5
configure:5327: $? = 0
configure:5327: result: yes
configure:5333: checking for faccessat
configure:5333: cc -o conftest -fPIC -g -fomit-frame-pointer -ftls-model=global-dynamic --sysroot=/asis -D_Nullable=   -nostdlib /asis/lib/crt.o -lac -shared --sysroot=/asis -lpwd conftest.c  >&5
configure:5333: $? = 0
configure:5333: result: yes
configure:5339: checking for getpwnam
configure:5339: cc -o conftest -fPIC -g -fomit-frame-pointer -ftls-model=global-dynamic --sysroot=/asis -D_Nullable=   -nostdlib /asis/lib/crt.o -lac -shared --sysroot=/asis -lpwd conftest.c  >&5
configure:5339: $? = 0
configure:5339: result: yes
configure:5345: checking for getrlimit
configure:5345: cc -o conftest -fPIC -g -fomit-frame-pointer -ftls-model=global-dynamic --sysroot=/asis -D_Nullable=   -nostdlib /asis/lib/crt.o -lac -shared --sysroot=/asis -lpwd conftest.c  >&5
configure:5345: $? = 0
configure:5345: result: yes
configure:5351: checking for isalpha
configure:5351: cc -o conftest -fPIC -g -fomit-frame-pointer -ftls-model=global-dynamic --sysroot=/asis -D_Nullable=   -nostdlib /asis/lib/crt.o -lac -shared --sysroot=/asis -lpwd conftest.c  >&5
conftest.c:68:6: warning: conflicting types for built-in function 'isalpha'; expected 'int(int)' [-Wbuiltin-declaration-mismatch]
   68 | char isalpha ();
      |      ^~~~~~~
conftest.c:60:1: note: 'isalpha' is declared in header '<ctype.h>'
   59 | #include <limits.h>
   60 | #undef isalpha
configure:5351: $? = 0
configure:5351: result: yes
configure:5357: checking for killpg
configure:5357: cc -o conftest -fPIC -g -fomit-frame-pointer -ftls-model=global-dynamic --sysroot=/asis -D_Nullable=   -nostdlib /asis/lib/crt.o -lac -shared --sysroot=/asis -lpwd conftest.c  >&5
configure:5357: $? = 0
configure:5357: result: yes
configure:5363: checking for mempcpy
configure:5363: cc -o conftest -fPIC -g -fomit-frame-pointer -ftls-model=global-dynamic --sysroot=/asis -D_Nullable=   -nostdlib /asis/lib/crt.o -lac -shared --sysroot=/asis -lpwd conftest.c  >&5
conftest.c:70:6: warning: conflicting types for built-in function 'mempcpy'; expected 'void *(void *, const void *, long unsigned int)' [-Wbuiltin-declaration-mismatch]
   70 | char mempcpy ();
      |      ^~~~~~~
configure:5363: $? = 0
configure:5363: result: yes
configure:5369: checking for sigsetmask
configure:5369: cc -o conftest -fPIC -g -fomit-frame-pointer -ftls-model=global-dynamic --sysroot=/asis -D_Nullable=   -nostdlib /asis/lib/crt.o -lac -shared --sysroot=/asis -lpwd conftest.c  >&5
configure:5369: $? = 0
configure:5369: result: yes
configure:5375: checking for stpcpy
configure:5375: cc -o conftest -fPIC -g -fomit-frame-pointer -ftls-model=global-dynamic --sysroot=/asis -D_Nullable=   -nostdlib /asis/lib/crt.o -lac -shared --sysroot=/asis -lpwd conftest.c  >&5
conftest.c:72:6: warning: conflicting types for built-in function 'stpcpy'; expected 'char *(char *, const char *)' [-Wbuiltin-declaration-mismatch]
   72 | char stpcpy ();
      |      ^~~~~~
configure:5375: $? = 0
configure:5375: result: yes
configure:5381: checking for strchrnul
configure:5381: cc -o conftest -fPIC -g -fomit-frame-pointer -ftls-model=global-dynamic --sysroot=/asis -D_Nullable=   -nostdlib /asis/lib/crt.o -lac -shared --sysroot=/asis -lpwd conftest.c  >&5
configure:5381: $? = 0
configure:5381: result: yes
configure:5387: checking for strsignal
configure:5387: cc -o conftest -fPIC -g -fomit-frame-pointer -ftls-model=global-dynamic --sysroot=/asis -D_Nullable=   -nostdlib /asis/lib/crt.o -lac -shared --sysroot=/asis -lpwd conftest.c  >&5
configure:5387: $? = 0
configure:5387: result: yes
configure:5393: checking for strtod
configure:5393: cc -o conftest -fPIC -g -fomit-frame-pointer -ftls-model=global-dynamic --sysroot=/asis -D_Nullable=   -nostdlib /asis/lib/crt.o -lac -shared --sysroot=/asis -lpwd conftest.c  >&5
configure:5393: $? = 0
configure:5393: result: yes
configure:5399: checking for strtoimax
configure:5399: cc -o conftest -fPIC -g -fomit-frame-pointer -ftls-model=global-dynamic --sysroot=/asis -D_Nullable=   -nostdlib /asis/lib/crt.o -lac -shared --sysroot=/asis -lpwd conftest.c  >&5
configure:5399: $? = 0
configure:5399: result: yes
configure:5405: checking for strtoumax
configure:5405: cc -o conftest -fPIC -g -fomit-frame-pointer -ftls-model=global-dynamic --sysroot=/asis -D_Nullable=   -nostdlib /asis/lib/crt.o -lac -shared --sysroot=/asis -lpwd conftest.c  >&5
configure:5405: $? = 0
configure:5405: result: yes
configure:5411: checking for sysconf
configure:5411: cc -o conftest -fPIC -g -fomit-frame-pointer -ftls-model=global-dynamic --sysroot=/asis -D_Nullable=   -nostdlib /asis/lib/crt.o -lac -shared --sysroot=/asis -lpwd conftest.c  >&5
configure:5411: $? = 0
configure:5411: result: yes
configure:5448: checking for fnmatch
configure:5448: cc -o conftest -fPIC -g -fomit-frame-pointer -ftls-model=global-dynamic --sysroot=/asis -D_Nullable=   -nostdlib /asis/lib/crt.o -lac -shared --sysroot=/asis -lpwd conftest.c  >&5
configure:5448: $? = 0
configure:5448: result: yes
configure:5468: checking for signal
configure:5468: cc -o conftest -fPIC -g -fomit-frame-pointer -ftls-model=global-dynamic --sysroot=/asis -D_Nullable=   -nostdlib /asis/lib/crt.o -lac -shared --sysroot=/asis -lpwd conftest.c  >&5
configure:5468: $? = 0
configure:5468: result: yes
configure:5485: checking whether stat64 is declared
configure:5485: cc -c -fPIC -g -fomit-frame-pointer -ftls-model=global-dynamic --sysroot=/asis -D_Nullable=    conftest.c >&5
configure:5485: $? = 0
configure:5485: result: yes
configure:5488: checking for stat64
configure:5488: cc -o conftest -fPIC -g -fomit-frame-pointer -ftls-model=global-dynamic --sysroot=/asis -D_Nullable=   -nostdlib /asis/lib/crt.o -lac -shared --sysroot=/asis -lpwd conftest.c  >&5
configure:5488: $? = 0
configure:5488: result: yes
configure:5507: checking for glob64
configure:5507: cc -o conftest -fPIC -g -fomit-frame-pointer -ftls-model=global-dynamic --sysroot=/asis -D_Nullable=   -nostdlib /asis/lib/crt.o -lac -shared --sysroot=/asis -lpwd conftest.c  >&5
configure:5507: $? = 0
configure:5507: result: yes
configure:5526: checking for open64
configure:5526: cc -o conftest -fPIC -g -fomit-frame-pointer -ftls-model=global-dynamic --sysroot=/asis -D_Nullable=   -nostdlib /asis/lib/crt.o -lac -shared --sysroot=/asis -lpwd conftest.c  >&5
configure:5526: $? = 0
configure:5526: result: yes
configure:5545: checking for stat::st_mtim
configure:5560: cc -c -fPIC -g -fomit-frame-pointer -ftls-model=global-dynamic --sysroot=/asis -D_Nullable=   conftest.c >&5
configure:5560: $? = 0
configure:5567: result: yes
configure:5757: checking that generated files are newer than configure
configure:5763: result: done
configure:5786: creating ./config.status

## ---------------------- ##
## Running config.status. ##
## ---------------------- ##

This file was extended by dash config.status 0.5.12, which was
generated by GNU Autoconf 2.71.  Invocation command line was

  CONFIG_FILES    = 
  CONFIG_HEADERS  = 
  CONFIG_LINKS    = 
  CONFIG_COMMANDS = 
  $ ./config.status 

on mainpc

config.status:894: creating Makefile
config.status:894: creating src/Makefile
config.status:894: creating config.h
config.status:1075: config.h is unchanged
config.status:1123: executing depfiles commands
config.status:1200: cd src       && sed -e '/# am--include-marker/d' Makefile         | make -f - am--depfiles
make[1]: Entering directory '/home/PavelAtr/asis/userspace/dash-0.5.12/src'
make[1]: Nothing to be done for 'am--depfiles'.
make[1]: Leaving directory '/home/PavelAtr/asis/userspace/dash-0.5.12/src'
config.status:1205: $? = 0

## ---------------- ##
## Cache variables. ##
## ---------------- ##

ac_cv_c_compiler_gnu=yes
ac_cv_c_undeclared_builtin_options='none needed'
ac_cv_env_CC_set=set
ac_cv_env_CC_value=cc
ac_cv_env_CFLAGS_set=set
ac_cv_env_CFLAGS_value='-fPIC -g -fomit-frame-pointer -ftls-model=global-dynamic --sysroot=/asis -D_Nullable= '
ac_cv_env_CPPFLAGS_set=
ac_cv_env_CPPFLAGS_value=
ac_cv_env_LDFLAGS_set=set
ac_cv_env_LDFLAGS_value='-nostdlib /asis/lib/crt.o -lac -shared --sysroot=/asis -lpwd'
ac_cv_env_LIBS_set=
ac_cv_env_LIBS_value=
ac_cv_env_build_alias_set=set
ac_cv_env_build_alias_value=x86_64-linux-gnu
ac_cv_env_host_alias_set=set
ac_cv_env_host_alias_value=x86_64-pc-none
ac_cv_env_target_alias_set=set
ac_cv_env_target_alias_value=x86_64-linux-gnu
ac_cv_func_bsearch=yes
ac_cv_func_faccessat=yes
ac_cv_func_fnmatch=yes
ac_cv_func_getpwnam=yes
ac_cv_func_getrlimit=yes
ac_cv_func_glob64=yes
ac_cv_func_isalpha=yes
ac_cv_func_killpg=yes
ac_cv_func_mempcpy=yes
ac_cv_func_open64=yes
ac_cv_func_signal=yes
ac_cv_func_sigsetmask=yes
ac_cv_func_stat64=yes
ac_cv_func_stpcpy=yes
ac_cv_func_strchrnul=yes
ac_cv_func_strsignal=yes
ac_cv_func_strtod=yes
ac_cv_func_strtoimax=yes
ac_cv_func_strtoumax=yes
ac_cv_func_sysconf=yes
ac_cv_have_decl_PRIdMAX=no
ac_cv_have_decl__PATH_BSHELL=no
ac_cv_have_decl__PATH_DEVNULL=no
ac_cv_have_decl__PATH_TTY=no
ac_cv_have_decl_isblank=yes
ac_cv_have_decl_stat64=yes
ac_cv_header_alloca_h=yes
ac_cv_header_inttypes_h=yes
ac_cv_header_minix_config_h=no
ac_cv_header_paths_h=yes
ac_cv_header_stdint_h=yes
ac_cv_header_stdio_h=yes
ac_cv_header_stdlib_h=yes
ac_cv_header_string_h=yes
ac_cv_header_strings_h=yes
ac_cv_header_sys_stat_h=yes
ac_cv_header_sys_types_h=yes
ac_cv_header_unistd_h=yes
ac_cv_header_wchar_h=yes
ac_cv_objext=o
ac_cv_path_install='/usr/bin/install -c'
ac_cv_path_mkdir=/usr/bin/mkdir
ac_cv_prog_AWK=mawk
ac_cv_prog_CC=cc
ac_cv_prog_ac_ct_STRIP=strip
ac_cv_prog_cc_c11=
ac_cv_prog_cc_g=yes
ac_cv_prog_cc_stdc=
ac_cv_prog_make_make_set=yes
ac_cv_safe_to_define___extensions__=yes
ac_cv_should_define__xopen_source=no
ac_cv_sizeof_intmax_t=8
ac_cv_sizeof_long_long_int=8
ac_cv_sys_file_offset_bits=no
ac_cv_sys_largefile_CC=no
am_cv_CC_dependencies_compiler_type=gcc3
am_cv_make_support_nested_variables=yes
am_cv_prog_cc_c_o=yes
dash_cv_have_attribute_alias=yes

## ----------------- ##
## Output variables. ##
## ----------------- ##

ACLOCAL='${SHELL} '\''/home/PavelAtr/asis/userspace/dash-0.5.12/missing'\'' aclocal-1.16'
AMDEPBACKSLASH='\'
AMDEP_FALSE='#'
AMDEP_TRUE=''
AMTAR='$${TAR-tar}'
AM_BACKSLASH='\'
AM_DEFAULT_V='$(AM_DEFAULT_VERBOSITY)'
AM_DEFAULT_VERBOSITY='0'
AM_V='$(V)'
AUTOCONF='${SHELL} '\''/home/PavelAtr/asis/userspace/dash-0.5.12/missing'\'' autoconf'
AUTOHEADER='${SHELL} '\''/home/PavelAtr/asis/userspace/dash-0.5.12/missing'\'' autoheader'
AUTOMAKE='${SHELL} '\''/home/PavelAtr/asis/userspace/dash-0.5.12/missing'\'' automake-1.16'
AWK='mawk'
CC='cc'
CCDEPMODE='depmode=gcc3'
CC_FOR_BUILD='cc'
CFLAGS='-fPIC -g -fomit-frame-pointer -ftls-model=global-dynamic --sysroot=/asis -D_Nullable= '
CPPFLAGS=''
CSCOPE='cscope'
CTAGS='ctags'
CYGPATH_W='echo'
DEFS='-DHAVE_CONFIG_H'
DEPDIR='.deps'
ECHO_C=''
ECHO_N='-n'
ECHO_T=''
ETAGS='etags'
EXEEXT=''
INSTALL_DATA='${INSTALL} -m 644'
INSTALL_PROGRAM='${INSTALL}'
INSTALL_SCRIPT='${INSTALL}'
INSTALL_STRIP_PROGRAM='$(install_sh) -c -s'
LDFLAGS='-nostdlib /asis/lib/crt.o -lac -shared --sysroot=/asis -lpwd'
LIBOBJS=''
LIBS=''
LTLIBOBJS=''
MAKEINFO='${SHELL} '\''/home/PavelAtr/asis/userspace/dash-0.5.12/missing'\'' makeinfo'
MKDIR_P='/usr/bin/mkdir -p'
OBJEXT='o'
PACKAGE='dash'
PACKAGE_BUGREPORT=''
PACKAGE_NAME='dash'
PACKAGE_STRING='dash 0.5.12'
PACKAGE_TARNAME='dash'
PACKAGE_URL=''
PACKAGE_VERSION='0.5.12'
PATH_SEPARATOR=':'
SET_MAKE=''
SHELL='/bin/bash'
STRIP='strip'
VERSION='0.5.12'
ac_ct_CC=''
am__EXEEXT_FALSE=''
am__EXEEXT_TRUE='#'
am__fastdepCC_FALSE='#'
am__fastdepCC_TRUE=''
am__include='include'
am__isrc=''
am__leading_dot='.'
am__nodep='_no'
am__quote=''
am__tar='$${TAR-tar} chof - "$$tardir"'
am__untar='$${TAR-tar} xf -'
bindir='${exec_prefix}/bin'
build_alias='x86_64-linux-gnu'
datadir='${datarootdir}'
datarootdir='${prefix}/share'
docdir='${datarootdir}/doc/${PACKAGE_TARNAME}'
dvidir='${docdir}'
exec_prefix='${prefix}'
host_alias='x86_64-pc-none'
htmldir='${docdir}'
includedir='${prefix}/include'
infodir='${datarootdir}/info'
install_sh='${SHELL} /home/PavelAtr/asis/userspace/dash-0.5.12/install-sh'
libdir='${exec_prefix}/lib'
libexecdir='${exec_prefix}/libexec'
localedir='${datarootdir}/locale'
localstatedir='${prefix}/var'
mandir='${datarootdir}/man'
mkdir_p='$(MKDIR_P)'
oldincludedir='/usr/include'
pdfdir='${docdir}'
prefix='/asis'
program_transform_name='s,x,x,'
psdir='${docdir}'
runstatedir='${localstatedir}/run'
sbindir='${exec_prefix}/sbin'
sharedstatedir='${prefix}/com'
sysconfdir='${prefix}/etc'
target_alias='x86_64-linux-gnu'

## ----------- ##
## confdefs.h. ##
## ----------- ##

/* confdefs.h */
#define PACKAGE_NAME "dash"
#define PACKAGE_TARNAME "dash"
#define PACKAGE_VERSION "0.5.12"
#define PACKAGE_STRING "dash 0.5.12"
#define PACKAGE_BUGREPORT ""
#define PACKAGE_URL ""
#define PACKAGE "dash"
#define VERSION "0.5.12"
#define HAVE_STDIO_H 1
#define HAVE_STDLIB_H 1
#define HAVE_STRING_H 1
#define HAVE_INTTYPES_H 1
#define HAVE_STDINT_H 1
#define HAVE_STRINGS_H 1
#define HAVE_SYS_STAT_H 1
#define HAVE_SYS_TYPES_H 1
#define HAVE_UNISTD_H 1
#define HAVE_WCHAR_H 1
#define STDC_HEADERS 1
#define _ALL_SOURCE 1
#define _DARWIN_C_SOURCE 1
#define _GNU_SOURCE 1
#define _HPUX_ALT_XOPEN_SOCKET_API 1
#define _NETBSD_SOURCE 1
#define _OPENBSD_SOURCE 1
#define _POSIX_PTHREAD_SEMANTICS 1
#define __STDC_WANT_IEC_60559_ATTRIBS_EXT__ 1
#define __STDC_WANT_IEC_60559_BFP_EXT__ 1
#define __STDC_WANT_IEC_60559_DFP_EXT__ 1
#define __STDC_WANT_IEC_60559_FUNCS_EXT__ 1
#define __STDC_WANT_IEC_60559_TYPES_EXT__ 1
#define __STDC_WANT_LIB_EXT2__ 1
#define __STDC_WANT_MATH_SPEC_FUNCS__ 1
#define _TANDEM_SOURCE 1
#define __EXTENSIONS__ 1
#define HAVE_ALIAS_ATTRIBUTE 1
#define HAVE_ALLOCA_H 1
#define HAVE_PATHS_H 1
#define _PATH_BSHELL "/bin/sh"
#define _PATH_DEVNULL "/dev/null"
#define _PATH_TTY "/dev/tty"
#define HAVE_DECL_ISBLANK 1
#define SIZEOF_INTMAX_T 8
#define SIZEOF_LONG_LONG_INT 8
#define PRIdMAX "lld"
#define HAVE_BSEARCH 1
#define HAVE_FACCESSAT 1
#define HAVE_GETPWNAM 1
#define HAVE_GETRLIMIT 1
#define HAVE_ISALPHA 1
#define HAVE_KILLPG 1
#define HAVE_MEMPCPY 1
#define HAVE_SIGSETMASK 1
#define HAVE_STPCPY 1
#define HAVE_STRCHRNUL 1
#define HAVE_STRSIGNAL 1
#define HAVE_STRTOD 1
#define HAVE_STRTOIMAX 1
#define HAVE_STRTOUMAX 1
#define HAVE_SYSCONF 1
#define HAVE_FNMATCH 1
#define HAVE_ST_MTIM 1
#define SMALL 1
#define WITH_LINENO 1

configure: exit 0
